d:\github\chat_application\project3\x64\debug\vc142.pdb
d:\github\chat_application\project3\x64\debug\.netframework,version=v4.6.1.assemblyattributes.obj
d:\github\chat_application\project3\x64\debug\sqlrepo.obj
d:\github\chat_application\project3\x64\debug\signup.obj
d:\github\chat_application\project3\x64\debug\queryfilter.obj
d:\github\chat_application\project3\x64\debug\pch.obj
d:\github\chat_application\project3\x64\debug\globals.obj
d:\github\chat_application\project3\x64\debug\assemblyinfo.obj
d:\github\chat_application\x64\debug\project3.exe
d:\github\chat_application\x64\debug\project3.pdb
d:\github\chat_application\project3\x64\debug\project3.chatroom.resources
d:\github\chat_application\project3\x64\debug\project3.signin.resources
d:\github\chat_application\project3\x64\debug\project3.signup.resources
d:\github\chat_application\project3\x64\debug\project3.vcxproj.assemblyreference.cache
d:\github\chat_application\project3\x64\debug\main.obj
d:\github\chat_application\project3\x64\debug\signin.obj
d:\github\chat_application\project3\x64\debug\project3.tlog\cl.command.1.tlog
d:\github\chat_application\project3\x64\debug\project3.tlog\cl.read.1.tlog
d:\github\chat_application\project3\x64\debug\project3.tlog\cl.write.1.tlog
d:\github\chat_application\project3\x64\debug\project3.tlog\link.command.1.tlog
d:\github\chat_application\project3\x64\debug\project3.tlog\link.read.1.tlog
d:\github\chat_application\project3\x64\debug\project3.tlog\link.write.1.tlog
d:\github\chat_application\project3\x64\debug\project3.tlog\metagen.read.1.tlog
d:\github\chat_application\project3\x64\debug\project3.tlog\metagen.write.1.tlog
d:\github\chat_application\project3\x64\debug\project3.tlog\project3.write.1u.tlog
